# JRE version: Java(TM) SE Runtime Environment (20.0.2+9) (build 20.0.2+9-78)
# Java VM: Java HotSpot(TM) 64-Bit Server VM (20.0.2+9-78, mixed mode, sharing, tiered, compressed oops, compressed class ptrs, g1 gc, windows-amd64)
GC Precious Log:
 CardTable entry size: 512
 Card Set container configuration: InlinePtr #cards 5 size 8 Array Of Cards #cards 12 size 40 Howl #buckets 4 coarsen threshold 1843 Howl Bitmap #cards 512 size 80 coarsen threshold 460 Card regions per heap region 1 cards per card region 2048
 CPUs: 12 total, 12 available
 Memory: 7501M
 Large Page Support: Disabled
 NUMA Support: Disabled
 Compressed Oops: Enabled (32-bit)
 Heap Region Size: 1M
 Heap Min Capacity: 8M
 Heap Initial Capacity: 118M
 Heap Max Capacity: 2G
 Pre-touch: Disabled
 Parallel Workers: 10
 Concurrent Workers: 3
 Concurrent Refinement Workers: 10
 Periodic GC: Disabled
Heap:
 garbage-first heap   total 350208K, used 253952K [0x0000000080000000, 0x0000000100000000)
  region size 1024K, 29 young (29696K), 14 survivors (14336K)
 Metaspace       used 129880K, committed 132800K, reserved 552960K
  class space    used 17339K, committed 18752K, reserved 421888K
GC Heap History (20 events):
Event: 38.044 GC heap before
{Heap before GC invocations=54 (full 0):
 garbage-first heap   total 268288K, used 240945K [0x0000000080000000, 0x0000000100000000)
  region size 1024K, 81 young (82944K), 10 survivors (10240K)
 Metaspace       used 111415K, committed 114240K, reserved 552960K
  class space    used 15433K, committed 16832K, reserved 421888K
}
Event: 38.055 GC heap after
{Heap after GC invocations=55 (full 0):
 garbage-first heap   total 268288K, used 172686K [0x0000000080000000, 0x0000000100000000)
  region size 1024K, 5 young (5120K), 5 survivors (5120K)
 Metaspace       used 111415K, committed 114240K, reserved 552960K
  class space    used 15433K, committed 16832K, reserved 421888K
}
Event: 38.274 GC heap before
{Heap before GC invocations=55 (full 0):
 garbage-first heap   total 268288K, used 200334K [0x0000000080000000, 0x0000000100000000)
  region size 1024K, 34 young (34816K), 5 survivors (5120K)
 Metaspace       used 111460K, committed 114304K, reserved 552960K
  class space    used 15437K, committed 16832K, reserved 421888K
}
Event: 38.279 GC heap after
{Heap after GC invocations=56 (full 0):
 garbage-first heap   total 268288K, used 174145K [0x0000000080000000, 0x0000000100000000)
  region size 1024K, 7 young (7168K), 7 survivors (7168K)
 Metaspace       used 111460K, committed 114304K, reserved 552960K
  class space    used 15437K, committed 16832K, reserved 421888K
}
Event: 39.811 GC heap before
{Heap before GC invocations=57 (full 0):
 garbage-first heap   total 302080K, used 244801K [0x0000000080000000, 0x0000000100000000)
  region size 1024K, 75 young (76800K), 7 survivors (7168K)
 Metaspace       used 116405K, committed 119232K, reserved 552960K
  class space    used 16112K, committed 17472K, reserved 421888K
}
Event: 39.820 GC heap after
{Heap after GC invocations=58 (full 0):
 garbage-first heap   total 302080K, used 183476K [0x0000000080000000, 0x0000000100000000)
  region size 1024K, 10 young (10240K), 10 survivors (10240K)
 Metaspace       used 116405K, committed 119232K, reserved 552960K
  class space    used 16112K, committed 17472K, reserved 421888K
}
Event: 41.407 GC heap before
{Heap before GC invocations=58 (full 0):
 garbage-first heap   total 302080K, used 263348K [0x0000000080000000, 0x0000000100000000)
  region size 1024K, 88 young (90112K), 10 survivors (10240K)
 Metaspace       used 119516K, committed 122304K, reserved 552960K
  class space    used 16473K, committed 17792K, reserved 421888K
}
Event: 41.423 GC heap after
{Heap after GC invocations=59 (full 0):
 garbage-first heap   total 302080K, used 191056K [0x0000000080000000, 0x0000000100000000)
  region size 1024K, 10 young (10240K), 10 survivors (10240K)
 Metaspace       used 119516K, committed 122304K, reserved 552960K
  class space    used 16473K, committed 17792K, reserved 421888K
}
Event: 43.020 GC heap before
{Heap before GC invocations=59 (full 0):
 garbage-first heap   total 302080K, used 267856K [0x0000000080000000, 0x0000000100000000)
  region size 1024K, 86 young (88064K), 10 survivors (10240K)
 Metaspace       used 121394K, committed 124224K, reserved 552960K
  class space    used 16626K, committed 17984K, reserved 421888K
}
Event: 43.035 GC heap after
{Heap after GC invocations=60 (full 0):
 garbage-first heap   total 302080K, used 201385K [0x0000000080000000, 0x0000000100000000)
  region size 1024K, 11 young (11264K), 11 survivors (11264K)
 Metaspace       used 121394K, committed 124224K, reserved 552960K
  class space    used 16626K, committed 17984K, reserved 421888K
}
Event: 44.097 GC heap before
{Heap before GC invocations=61 (full 0):
 garbage-first heap   total 350208K, used 275113K [0x0000000080000000, 0x0000000100000000)
  region size 1024K, 79 young (80896K), 11 survivors (11264K)
 Metaspace       used 123065K, committed 125952K, reserved 552960K
  class space    used 16732K, committed 18176K, reserved 421888K
}
Event: 44.111 GC heap after
{Heap after GC invocations=62 (full 0):
 garbage-first heap   total 350208K, used 208480K [0x0000000080000000, 0x0000000100000000)
  region size 1024K, 8 young (8192K), 8 survivors (8192K)
 Metaspace       used 123065K, committed 125952K, reserved 552960K
  class space    used 16732K, committed 18176K, reserved 421888K
}
Event: 45.143 GC heap before
{Heap before GC invocations=62 (full 0):
 garbage-first heap   total 350208K, used 298592K [0x0000000080000000, 0x0000000100000000)
  region size 1024K, 97 young (99328K), 8 survivors (8192K)
 Metaspace       used 123067K, committed 125952K, reserved 552960K
  class space    used 16732K, committed 18176K, reserved 421888K
}
Event: 45.154 GC heap after
{Heap after GC invocations=63 (full 0):
 garbage-first heap   total 350208K, used 209914K [0x0000000080000000, 0x0000000100000000)
  region size 1024K, 6 young (6144K), 6 survivors (6144K)
 Metaspace       used 123067K, committed 125952K, reserved 552960K
  class space    used 16732K, committed 18176K, reserved 421888K
}
Event: 85.669 GC heap before
{Heap before GC invocations=63 (full 0):
 garbage-first heap   total 350208K, used 312314K [0x0000000080000000, 0x0000000100000000)
  region size 1024K, 107 young (109568K), 6 survivors (6144K)
 Metaspace       used 129153K, committed 132096K, reserved 552960K
  class space    used 17329K, committed 18752K, reserved 421888K
}
Event: 85.685 GC heap after
{Heap after GC invocations=64 (full 0):
 garbage-first heap   total 350208K, used 212695K [0x0000000080000000, 0x0000000100000000)
  region size 1024K, 9 young (9216K), 9 survivors (9216K)
 Metaspace       used 129153K, committed 132096K, reserved 552960K
  class space    used 17329K, committed 18752K, reserved 421888K
}
Event: 91.437 GC heap before
{Heap before GC invocations=64 (full 0):
 garbage-first heap   total 350208K, used 314071K [0x0000000080000000, 0x0000000100000000)
  region size 1024K, 109 young (111616K), 9 survivors (9216K)
 Metaspace       used 129615K, committed 132544K, reserved 552960K
  class space    used 17331K, committed 18752K, reserved 421888K
}
Event: 91.459 GC heap after
{Heap after GC invocations=65 (full 0):
 garbage-first heap   total 350208K, used 223511K [0x0000000080000000, 0x0000000100000000)
  region size 1024K, 14 young (14336K), 14 survivors (14336K)
 Metaspace       used 129615K, committed 132544K, reserved 552960K
  class space    used 17331K, committed 18752K, reserved 421888K
}
Event: 94.137 GC heap before
{Heap before GC invocations=65 (full 0):
 garbage-first heap   total 350208K, used 316695K [0x0000000080000000, 0x0000000100000000)
  region size 1024K, 105 young (107520K), 14 survivors (14336K)
 Metaspace       used 129872K, committed 132800K, reserved 552960K
  class space    used 17339K, committed 18752K, reserved 421888K
}
Event: 94.167 GC heap after
{Heap after GC invocations=66 (full 0):
 garbage-first heap   total 350208K, used 239616K [0x0000000080000000, 0x0000000100000000)
  region size 1024K, 14 young (14336K), 14 survivors (14336K)
 Metaspace       used 129872K, committed 132800K, reserved 552960K
  class space    used 17339K, committed 18752K, reserved 421888K
}

